<?xml version="1.0" encoding="UTF-8"?>
<coverage generated="1614065331132" clover="3.2.0">
  <project timestamp="1614065331132" name="All files">
    <metrics statements="120" coveredstatements="107" conditionals="21" coveredconditionals="11" methods="30" coveredmethods="24" elements="171" coveredelements="142" complexity="0" loc="120" ncloc="120" packages="3" files="5" classes="5"/>
    <package name="components">
      <metrics statements="44" coveredstatements="44" conditionals="3" coveredconditionals="2" methods="5" coveredmethods="5"/>
      <file name="task-item-form.js" path="/Users/sean/projects/cse110/group6/src/components/task-item-form.js">
        <metrics statements="13" coveredstatements="13" conditionals="0" coveredconditionals="0" methods="1" coveredmethods="1"/>
        <line num="5" count="1" type="stmt"/>
        <line num="7" count="1" type="stmt"/>
        <line num="9" count="1" type="stmt"/>
        <line num="10" count="1" type="stmt"/>
        <line num="57" count="1" type="stmt"/>
        <line num="62" count="1" type="stmt"/>
        <line num="68" count="1" type="stmt"/>
        <line num="77" count="1" type="stmt"/>
        <line num="83" count="1" type="stmt"/>
        <line num="92" count="1" type="stmt"/>
        <line num="100" count="1" type="stmt"/>
        <line num="101" count="1" type="stmt"/>
        <line num="111" count="1" type="stmt"/>
      </file>
      <file name="task-item.js" path="/Users/sean/projects/cse110/group6/src/components/task-item.js">
        <metrics statements="20" coveredstatements="20" conditionals="3" coveredconditionals="2" methods="3" coveredmethods="3"/>
        <line num="5" count="1" type="stmt"/>
        <line num="9" count="3" type="stmt"/>
        <line num="12" count="3" type="stmt"/>
        <line num="14" count="3" type="stmt"/>
        <line num="15" count="3" type="stmt"/>
        <line num="68" count="3" type="stmt"/>
        <line num="74" count="3" type="stmt"/>
        <line num="78" count="3" type="stmt"/>
        <line num="82" count="3" type="stmt"/>
        <line num="87" count="3" type="stmt"/>
        <line num="94" count="3" type="stmt"/>
        <line num="101" count="3" type="stmt"/>
        <line num="108" count="3" type="stmt"/>
        <line num="113" count="3" type="stmt"/>
        <line num="123" count="8" type="cond" truecount="2" falsecount="1"/>
        <line num="125" count="4" type="stmt"/>
        <line num="126" count="4" type="stmt"/>
        <line num="128" count="4" type="stmt"/>
        <line num="129" count="4" type="stmt"/>
        <line num="135" count="1" type="stmt"/>
      </file>
      <file name="task-list.js" path="/Users/sean/projects/cse110/group6/src/components/task-list.js">
        <metrics statements="11" coveredstatements="11" conditionals="0" coveredconditionals="0" methods="1" coveredmethods="1"/>
        <line num="5" count="1" type="stmt"/>
        <line num="7" count="1" type="stmt"/>
        <line num="8" count="1" type="stmt"/>
        <line num="9" count="1" type="stmt"/>
        <line num="22" count="1" type="stmt"/>
        <line num="27" count="1" type="stmt"/>
        <line num="33" count="1" type="stmt"/>
        <line num="38" count="1" type="stmt"/>
        <line num="43" count="1" type="stmt"/>
        <line num="44" count="1" type="stmt"/>
        <line num="52" count="1" type="stmt"/>
      </file>
    </package>
    <package name="scripts">
      <metrics statements="69" coveredstatements="56" conditionals="14" coveredconditionals="5" methods="23" coveredmethods="17"/>
      <file name="task-list.js" path="/Users/sean/projects/cse110/group6/src/scripts/task-list.js">
        <metrics statements="69" coveredstatements="56" conditionals="14" coveredconditionals="5" methods="23" coveredmethods="17"/>
        <line num="18" count="1" type="stmt"/>
        <line num="23" count="1" type="stmt"/>
        <line num="26" count="1" type="stmt"/>
        <line num="27" count="2" type="stmt"/>
        <line num="29" count="1" type="stmt"/>
        <line num="36" count="1" type="stmt"/>
        <line num="37" count="1" type="stmt"/>
        <line num="39" count="2" type="stmt"/>
        <line num="40" count="1" type="stmt"/>
        <line num="42" count="2" type="stmt"/>
        <line num="49" count="1" type="stmt"/>
        <line num="50" count="3" type="stmt"/>
        <line num="52" count="9" type="stmt"/>
        <line num="56" count="3" type="stmt"/>
        <line num="57" count="6" type="stmt"/>
        <line num="58" count="9" type="stmt"/>
        <line num="59" count="3" type="stmt"/>
        <line num="67" count="1" type="stmt"/>
        <line num="68" count="1" type="stmt"/>
        <line num="71" count="1" type="stmt"/>
        <line num="72" count="2" type="cond" truecount="2" falsecount="0"/>
        <line num="74" count="1" type="stmt"/>
        <line num="75" count="1" type="stmt"/>
        <line num="78" count="1" type="stmt"/>
        <line num="81" count="1" type="stmt"/>
        <line num="88" count="1" type="stmt"/>
        <line num="89" count="3" type="stmt"/>
        <line num="92" count="3" type="stmt"/>
        <line num="97" count="3" type="stmt"/>
        <line num="98" count="3" type="stmt"/>
        <line num="99" count="3" type="stmt"/>
        <line num="100" count="3" type="stmt"/>
        <line num="101" count="3" type="stmt"/>
        <line num="108" count="1" type="stmt"/>
        <line num="110" count="1" type="stmt"/>
        <line num="111" count="1" type="stmt"/>
        <line num="112" count="1" type="stmt"/>
        <line num="120" count="1" type="stmt"/>
        <line num="121" count="1" type="stmt"/>
        <line num="122" count="1" type="stmt"/>
        <line num="125" count="1" type="stmt"/>
        <line num="127" count="2" type="cond" truecount="2" falsecount="0"/>
        <line num="129" count="1" type="stmt"/>
        <line num="130" count="1" type="stmt"/>
        <line num="133" count="1" type="stmt"/>
        <line num="136" count="1" type="stmt"/>
        <line num="137" count="1" type="stmt"/>
        <line num="144" count="1" type="stmt"/>
        <line num="145" count="4" type="stmt"/>
        <line num="152" count="1" type="stmt"/>
        <line num="153" count="0" type="stmt"/>
        <line num="158" count="0" type="stmt"/>
        <line num="159" count="0" type="stmt"/>
        <line num="162" count="0" type="cond" truecount="0" falsecount="4"/>
        <line num="163" count="0" type="stmt"/>
        <line num="164" count="0" type="stmt"/>
        <line num="168" count="0" type="cond" truecount="0" falsecount="2"/>
        <line num="171" count="0" type="cond" truecount="0" falsecount="2"/>
        <line num="174" count="0" type="stmt"/>
        <line num="178" count="0" type="stmt"/>
        <line num="181" count="0" type="stmt"/>
        <line num="182" count="0" type="stmt"/>
        <line num="193" count="1" type="stmt"/>
        <line num="194" count="1" type="stmt"/>
        <line num="195" count="1" type="stmt"/>
        <line num="198" count="1" type="cond" truecount="1" falsecount="1"/>
        <line num="199" count="0" type="stmt"/>
        <line num="201" count="1" type="stmt"/>
        <line num="202" count="2" type="stmt"/>
      </file>
    </package>
    <package name="utils">
      <metrics statements="7" coveredstatements="7" conditionals="4" coveredconditionals="4" methods="2" coveredmethods="2"/>
      <file name="index.js" path="/Users/sean/projects/cse110/group6/src/utils/index.js">
        <metrics statements="7" coveredstatements="7" conditionals="4" coveredconditionals="4" methods="2" coveredmethods="2"/>
        <line num="7" count="1" type="stmt"/>
        <line num="8" count="35" type="stmt"/>
        <line num="11" count="35" type="stmt"/>
        <line num="12" count="72" type="cond" truecount="4" falsecount="0"/>
        <line num="14" count="12" type="stmt"/>
        <line num="16" count="60" type="stmt"/>
        <line num="20" count="35" type="stmt"/>
      </file>
    </package>
  </project>
</coverage>
