<?xml version="1.0" encoding="UTF-8"?>
<coverage generated="1614210380866" clover="3.2.0">
  <project timestamp="1614210380866" name="All files">
    <metrics statements="124" coveredstatements="109" conditionals="27" coveredconditionals="13" methods="31" coveredmethods="24" elements="182" coveredelements="146" complexity="0" loc="124" ncloc="124" packages="3" files="5" classes="5"/>
    <package name="components">
      <metrics statements="44" coveredstatements="44" conditionals="3" coveredconditionals="2" methods="5" coveredmethods="5"/>
      <file name="TaskItem.js" path="/Users/sean/projects/cse110/group6/src/components/TaskItem.js">
        <metrics statements="20" coveredstatements="20" conditionals="3" coveredconditionals="2" methods="3" coveredmethods="3"/>
        <line num="5" count="1" type="stmt"/>
        <line num="9" count="3" type="stmt"/>
        <line num="12" count="3" type="stmt"/>
        <line num="14" count="3" type="stmt"/>
        <line num="15" count="3" type="stmt"/>
        <line num="68" count="3" type="stmt"/>
        <line num="73" count="3" type="stmt"/>
        <line num="76" count="3" type="stmt"/>
        <line num="79" count="3" type="stmt"/>
        <line num="83" count="3" type="stmt"/>
        <line num="89" count="3" type="stmt"/>
        <line num="95" count="3" type="stmt"/>
        <line num="101" count="3" type="stmt"/>
        <line num="106" count="3" type="stmt"/>
        <line num="116" count="8" type="cond" truecount="2" falsecount="1"/>
        <line num="118" count="4" type="stmt"/>
        <line num="119" count="4" type="stmt"/>
        <line num="121" count="4" type="stmt"/>
        <line num="122" count="4" type="stmt"/>
        <line num="128" count="1" type="stmt"/>
      </file>
      <file name="TaskItemForm.js" path="/Users/sean/projects/cse110/group6/src/components/TaskItemForm.js">
        <metrics statements="13" coveredstatements="13" conditionals="0" coveredconditionals="0" methods="1" coveredmethods="1"/>
        <line num="5" count="1" type="stmt"/>
        <line num="7" count="1" type="stmt"/>
        <line num="9" count="1" type="stmt"/>
        <line num="10" count="1" type="stmt"/>
        <line num="57" count="1" type="stmt"/>
        <line num="61" count="1" type="stmt"/>
        <line num="66" count="1" type="stmt"/>
        <line num="74" count="1" type="stmt"/>
        <line num="79" count="1" type="stmt"/>
        <line num="87" count="1" type="stmt"/>
        <line num="94" count="1" type="stmt"/>
        <line num="95" count="1" type="stmt"/>
        <line num="105" count="1" type="stmt"/>
      </file>
      <file name="TaskList.js" path="/Users/sean/projects/cse110/group6/src/components/TaskList.js">
        <metrics statements="11" coveredstatements="11" conditionals="0" coveredconditionals="0" methods="1" coveredmethods="1"/>
        <line num="5" count="1" type="stmt"/>
        <line num="7" count="1" type="stmt"/>
        <line num="8" count="1" type="stmt"/>
        <line num="9" count="1" type="stmt"/>
        <line num="22" count="1" type="stmt"/>
        <line num="26" count="1" type="stmt"/>
        <line num="31" count="1" type="stmt"/>
        <line num="35" count="1" type="stmt"/>
        <line num="39" count="1" type="stmt"/>
        <line num="40" count="1" type="stmt"/>
        <line num="48" count="1" type="stmt"/>
      </file>
    </package>
    <package name="scripts">
      <metrics statements="69" coveredstatements="56" conditionals="14" coveredconditionals="5" methods="23" coveredmethods="17"/>
      <file name="taskList.js" path="/Users/sean/projects/cse110/group6/src/scripts/taskList.js">
        <metrics statements="69" coveredstatements="56" conditionals="14" coveredconditionals="5" methods="23" coveredmethods="17"/>
        <line num="18" count="1" type="stmt"/>
        <line num="23" count="1" type="stmt"/>
        <line num="24" count="1" type="stmt"/>
        <line num="25" count="2" type="stmt"/>
        <line num="27" count="1" type="stmt"/>
        <line num="34" count="1" type="stmt"/>
        <line num="35" count="1" type="stmt"/>
        <line num="37" count="2" type="stmt"/>
        <line num="38" count="1" type="stmt"/>
        <line num="40" count="2" type="stmt"/>
        <line num="47" count="1" type="stmt"/>
        <line num="48" count="3" type="stmt"/>
        <line num="50" count="9" type="stmt"/>
        <line num="54" count="3" type="stmt"/>
        <line num="55" count="6" type="stmt"/>
        <line num="56" count="9" type="stmt"/>
        <line num="57" count="3" type="stmt"/>
        <line num="65" count="1" type="stmt"/>
        <line num="66" count="1" type="stmt"/>
        <line num="69" count="1" type="stmt"/>
        <line num="70" count="2" type="cond" truecount="2" falsecount="0"/>
        <line num="72" count="1" type="stmt"/>
        <line num="73" count="1" type="stmt"/>
        <line num="76" count="1" type="stmt"/>
        <line num="79" count="1" type="stmt"/>
        <line num="86" count="1" type="stmt"/>
        <line num="87" count="3" type="stmt"/>
        <line num="90" count="3" type="stmt"/>
        <line num="94" count="3" type="stmt"/>
        <line num="95" count="3" type="stmt"/>
        <line num="96" count="3" type="stmt"/>
        <line num="97" count="3" type="stmt"/>
        <line num="98" count="3" type="stmt"/>
        <line num="105" count="1" type="stmt"/>
        <line num="107" count="1" type="stmt"/>
        <line num="108" count="1" type="stmt"/>
        <line num="109" count="1" type="stmt"/>
        <line num="117" count="1" type="stmt"/>
        <line num="118" count="1" type="stmt"/>
        <line num="119" count="1" type="stmt"/>
        <line num="122" count="1" type="stmt"/>
        <line num="124" count="2" type="cond" truecount="2" falsecount="0"/>
        <line num="126" count="1" type="stmt"/>
        <line num="127" count="1" type="stmt"/>
        <line num="130" count="1" type="stmt"/>
        <line num="133" count="1" type="stmt"/>
        <line num="134" count="1" type="stmt"/>
        <line num="141" count="1" type="stmt"/>
        <line num="142" count="4" type="stmt"/>
        <line num="149" count="1" type="stmt"/>
        <line num="150" count="0" type="stmt"/>
        <line num="155" count="0" type="stmt"/>
        <line num="156" count="0" type="stmt"/>
        <line num="159" count="0" type="cond" truecount="0" falsecount="4"/>
        <line num="160" count="0" type="stmt"/>
        <line num="161" count="0" type="stmt"/>
        <line num="165" count="0" type="cond" truecount="0" falsecount="2"/>
        <line num="168" count="0" type="cond" truecount="0" falsecount="2"/>
        <line num="171" count="0" type="stmt"/>
        <line num="175" count="0" type="stmt"/>
        <line num="178" count="0" type="stmt"/>
        <line num="179" count="0" type="stmt"/>
        <line num="190" count="1" type="stmt"/>
        <line num="191" count="1" type="stmt"/>
        <line num="192" count="1" type="stmt"/>
        <line num="195" count="1" type="cond" truecount="1" falsecount="1"/>
        <line num="196" count="0" type="stmt"/>
        <line num="198" count="1" type="stmt"/>
        <line num="199" count="2" type="stmt"/>
      </file>
    </package>
    <package name="utils">
      <metrics statements="11" coveredstatements="9" conditionals="10" coveredconditionals="6" methods="3" coveredmethods="2"/>
      <file name="index.js" path="/Users/sean/projects/cse110/group6/src/utils/index.js">
        <metrics statements="11" coveredstatements="9" conditionals="10" coveredconditionals="6" methods="3" coveredmethods="2"/>
        <line num="9" count="1" type="cond" truecount="1" falsecount="1"/>
        <line num="10" count="35" type="stmt"/>
        <line num="12" count="35" type="cond" truecount="1" falsecount="1"/>
        <line num="13" count="35" type="stmt"/>
        <line num="16" count="35" type="stmt"/>
        <line num="17" count="72" type="cond" truecount="4" falsecount="0"/>
        <line num="18" count="55" type="stmt"/>
        <line num="21" count="35" type="stmt"/>
        <line num="29" count="1" type="stmt"/>
        <line num="30" count="0" type="stmt"/>
        <line num="31" count="0" type="cond" truecount="0" falsecount="2"/>
      </file>
    </package>
  </project>
</coverage>
