{"/Users/sean/projects/cse110/group6/src/components/task-item-form.js": {"path":"/Users/sean/projects/cse110/group6/src/components/task-item-form.js","statementMap":{"0":{"start":{"line":5,"column":4},"end":{"line":5,"column":12}},"1":{"start":{"line":7,"column":4},"end":{"line":7,"column":54}},"2":{"start":{"line":9,"column":4},"end":{"line":9,"column":56}},"3":{"start":{"line":10,"column":4},"end":{"line":55,"column":6}},"4":{"start":{"line":57,"column":4},"end":{"line":60,"column":7}},"5":{"start":{"line":62,"column":4},"end":{"line":66,"column":7}},"6":{"start":{"line":68,"column":4},"end":{"line":75,"column":7}},"7":{"start":{"line":77,"column":4},"end":{"line":81,"column":7}},"8":{"start":{"line":83,"column":4},"end":{"line":90,"column":7}},"9":{"start":{"line":92,"column":4},"end":{"line":98,"column":7}},"10":{"start":{"line":100,"column":4},"end":{"line":100,"column":65}},"11":{"start":{"line":101,"column":4},"end":{"line":107,"column":6}},"12":{"start":{"line":111,"column":0},"end":{"line":111,"column":54}}},"fnMap":{"0":{"name":"(anonymous_0)","decl":{"start":{"line":4,"column":2},"end":{"line":4,"column":3}},"loc":{"start":{"line":4,"column":16},"end":{"line":108,"column":3}},"line":4}},"branchMap":{},"s":{"0":1,"1":1,"2":1,"3":1,"4":1,"5":1,"6":1,"7":1,"8":1,"9":1,"10":1,"11":1,"12":1},"f":{"0":1},"b":{},"_coverageSchema":"1a1c01bbd47fc00a2c39e90264f33305004495a9","hash":"a5e14a539811be71aa31279be07ead79f30c688d"}
,"/Users/sean/projects/cse110/group6/src/components/task-item.js": {"path":"/Users/sean/projects/cse110/group6/src/components/task-item.js","statementMap":{"0":{"start":{"line":5,"column":4},"end":{"line":5,"column":36}},"1":{"start":{"line":9,"column":4},"end":{"line":9,"column":12}},"2":{"start":{"line":12,"column":4},"end":{"line":12,"column":54}},"3":{"start":{"line":14,"column":4},"end":{"line":14,"column":56}},"4":{"start":{"line":15,"column":4},"end":{"line":66,"column":6}},"5":{"start":{"line":68,"column":4},"end":{"line":72,"column":7}},"6":{"start":{"line":74,"column":4},"end":{"line":77,"column":7}},"7":{"start":{"line":78,"column":4},"end":{"line":81,"column":7}},"8":{"start":{"line":82,"column":4},"end":{"line":85,"column":7}},"9":{"start":{"line":87,"column":4},"end":{"line":92,"column":7}},"10":{"start":{"line":94,"column":4},"end":{"line":99,"column":7}},"11":{"start":{"line":101,"column":4},"end":{"line":106,"column":7}},"12":{"start":{"line":108,"column":4},"end":{"line":112,"column":6}},"13":{"start":{"line":113,"column":4},"end":{"line":119,"column":6}},"14":{"start":{"line":123,"column":4},"end":{"line":131,"column":5}},"15":{"start":{"line":125,"column":8},"end":{"line":125,"column":47}},"16":{"start":{"line":126,"column":8},"end":{"line":126,"column":14}},"17":{"start":{"line":128,"column":8},"end":{"line":128,"column":53}},"18":{"start":{"line":129,"column":8},"end":{"line":129,"column":14}},"19":{"start":{"line":135,"column":0},"end":{"line":135,"column":45}}},"fnMap":{"0":{"name":"(anonymous_0)","decl":{"start":{"line":4,"column":2},"end":{"line":4,"column":3}},"loc":{"start":{"line":4,"column":34},"end":{"line":6,"column":3}},"line":4},"1":{"name":"(anonymous_1)","decl":{"start":{"line":8,"column":2},"end":{"line":8,"column":3}},"loc":{"start":{"line":8,"column":16},"end":{"line":120,"column":3}},"line":8},"2":{"name":"(anonymous_2)","decl":{"start":{"line":122,"column":2},"end":{"line":122,"column":3}},"loc":{"start":{"line":122,"column":53},"end":{"line":132,"column":3}},"line":122}},"branchMap":{"0":{"loc":{"start":{"line":123,"column":4},"end":{"line":131,"column":5}},"type":"switch","locations":[{"start":{"line":124,"column":6},"end":{"line":126,"column":14}},{"start":{"line":127,"column":6},"end":{"line":129,"column":14}},{"start":{"line":130,"column":6},"end":{"line":130,"column":14}}],"line":123}},"s":{"0":1,"1":3,"2":3,"3":3,"4":3,"5":3,"6":3,"7":3,"8":3,"9":3,"10":3,"11":3,"12":3,"13":3,"14":8,"15":4,"16":4,"17":4,"18":4,"19":1},"f":{"0":1,"1":3,"2":8},"b":{"0":[4,4,0]},"_coverageSchema":"1a1c01bbd47fc00a2c39e90264f33305004495a9","hash":"b4c8d18ee7a1ca9eb464c2f1ce34ac5ff88268dc"}
,"/Users/sean/projects/cse110/group6/src/components/task-list.js": {"path":"/Users/sean/projects/cse110/group6/src/components/task-list.js","statementMap":{"0":{"start":{"line":5,"column":4},"end":{"line":5,"column":12}},"1":{"start":{"line":7,"column":4},"end":{"line":7,"column":54}},"2":{"start":{"line":8,"column":4},"end":{"line":8,"column":56}},"3":{"start":{"line":9,"column":4},"end":{"line":20,"column":6}},"4":{"start":{"line":22,"column":4},"end":{"line":25,"column":7}},"5":{"start":{"line":27,"column":4},"end":{"line":31,"column":7}},"6":{"start":{"line":33,"column":4},"end":{"line":36,"column":7}},"7":{"start":{"line":38,"column":4},"end":{"line":41,"column":7}},"8":{"start":{"line":43,"column":4},"end":{"line":43,"column":65}},"9":{"start":{"line":44,"column":4},"end":{"line":48,"column":6}},"10":{"start":{"line":52,"column":0},"end":{"line":52,"column":45}}},"fnMap":{"0":{"name":"(anonymous_0)","decl":{"start":{"line":4,"column":2},"end":{"line":4,"column":3}},"loc":{"start":{"line":4,"column":16},"end":{"line":49,"column":3}},"line":4}},"branchMap":{},"s":{"0":1,"1":1,"2":1,"3":1,"4":1,"5":1,"6":1,"7":1,"8":1,"9":1,"10":1},"f":{"0":1},"b":{},"_coverageSchema":"1a1c01bbd47fc00a2c39e90264f33305004495a9","hash":"93f3a49ced787cc32cfc5927fe904aec6e17a86b"}
,"/Users/sean/projects/cse110/group6/src/scripts/task-list.js": {"path":"/Users/sean/projects/cse110/group6/src/scripts/task-list.js","statementMap":{"0":{"start":{"line":18,"column":12},"end":{"line":18,"column":14}},"1":{"start":{"line":23,"column":17},"end":{"line":25,"column":2}},"2":{"start":{"line":26,"column":26},"end":{"line":28,"column":1}},"3":{"start":{"line":27,"column":12},"end":{"line":27,"column":54}},"4":{"start":{"line":29,"column":30},"end":{"line":31,"column":1}},"5":{"start":{"line":36,"column":21},"end":{"line":36,"column":71}},"6":{"start":{"line":37,"column":30},"end":{"line":39,"column":60}},"7":{"start":{"line":39,"column":17},"end":{"line":39,"column":59}},"8":{"start":{"line":40,"column":27},"end":{"line":42,"column":60}},"9":{"start":{"line":42,"column":25},"end":{"line":42,"column":54}},"10":{"start":{"line":49,"column":27},"end":{"line":61,"column":1}},"11":{"start":{"line":50,"column":18},"end":{"line":54,"column":3}},"12":{"start":{"line":52,"column":22},"end":{"line":52,"column":64}},"13":{"start":{"line":56,"column":2},"end":{"line":60,"column":4}},"14":{"start":{"line":57,"column":34},"end":{"line":57,"column":76}},"15":{"start":{"line":58,"column":34},"end":{"line":58,"column":76}},"16":{"start":{"line":59,"column":32},"end":{"line":59,"column":72}},"17":{"start":{"line":67,"column":19},"end":{"line":82,"column":1}},"18":{"start":{"line":68,"column":33},"end":{"line":68,"column":45}},"19":{"start":{"line":71,"column":20},"end":{"line":73,"column":3}},"20":{"start":{"line":72,"column":38},"end":{"line":72,"column":70}},"21":{"start":{"line":74,"column":2},"end":{"line":74,"column":29}},"22":{"start":{"line":75,"column":2},"end":{"line":75,"column":62}},"23":{"start":{"line":78,"column":19},"end":{"line":80,"column":3}},"24":{"start":{"line":81,"column":2},"end":{"line":81,"column":20}},"25":{"start":{"line":88,"column":21},"end":{"line":102,"column":1}},"26":{"start":{"line":89,"column":33},"end":{"line":89,"column":40}},"27":{"start":{"line":92,"column":19},"end":{"line":96,"column":4}},"28":{"start":{"line":97,"column":18},"end":{"line":97,"column":46}},"29":{"start":{"line":98,"column":2},"end":{"line":98,"column":70}},"30":{"start":{"line":98,"column":49},"end":{"line":98,"column":68}},"31":{"start":{"line":99,"column":2},"end":{"line":99,"column":70}},"32":{"start":{"line":99,"column":49},"end":{"line":99,"column":68}},"33":{"start":{"line":100,"column":2},"end":{"line":100,"column":79}},"34":{"start":{"line":100,"column":47},"end":{"line":100,"column":77}},"35":{"start":{"line":101,"column":2},"end":{"line":101,"column":41}},"36":{"start":{"line":108,"column":16},"end":{"line":113,"column":1}},"37":{"start":{"line":110,"column":2},"end":{"line":110,"column":22}},"38":{"start":{"line":111,"column":2},"end":{"line":111,"column":62}},"39":{"start":{"line":112,"column":2},"end":{"line":112,"column":24}},"40":{"start":{"line":120,"column":19},"end":{"line":138,"column":1}},"41":{"start":{"line":121,"column":61},"end":{"line":121,"column":69}},"42":{"start":{"line":122,"column":61},"end":{"line":122,"column":69}},"43":{"start":{"line":125,"column":20},"end":{"line":128,"column":3}},"44":{"start":{"line":127,"column":6},"end":{"line":127,"column":60}},"45":{"start":{"line":129,"column":2},"end":{"line":129,"column":30}},"46":{"start":{"line":130,"column":2},"end":{"line":130,"column":62}},"47":{"start":{"line":133,"column":19},"end":{"line":135,"column":3}},"48":{"start":{"line":136,"column":2},"end":{"line":136,"column":44}},"49":{"start":{"line":137,"column":2},"end":{"line":137,"column":56}},"50":{"start":{"line":144,"column":17},"end":{"line":146,"column":1}},"51":{"start":{"line":145,"column":2},"end":{"line":145,"column":15}},"52":{"start":{"line":152,"column":29},"end":{"line":186,"column":1}},"53":{"start":{"line":153,"column":2},"end":{"line":153,"column":21}},"54":{"start":{"line":158,"column":6},"end":{"line":158,"column":24}},"55":{"start":{"line":159,"column":45},"end":{"line":159,"column":79}},"56":{"start":{"line":162,"column":2},"end":{"line":165,"column":3}},"57":{"start":{"line":163,"column":4},"end":{"line":163,"column":49}},"58":{"start":{"line":164,"column":4},"end":{"line":164,"column":11}},"59":{"start":{"line":168,"column":2},"end":{"line":179,"column":3}},"60":{"start":{"line":171,"column":8},"end":{"line":171,"column":54}},"61":{"start":{"line":174,"column":4},"end":{"line":177,"column":6}},"62":{"start":{"line":178,"column":4},"end":{"line":178,"column":11}},"63":{"start":{"line":181,"column":2},"end":{"line":181,"column":68}},"64":{"start":{"line":182,"column":2},"end":{"line":185,"column":6}},"65":{"start":{"line":182,"column":56},"end":{"line":185,"column":3}},"66":{"start":{"line":193,"column":27},"end":{"line":203,"column":1}},"67":{"start":{"line":194,"column":2},"end":{"line":194,"column":41}},"68":{"start":{"line":195,"column":2},"end":{"line":195,"column":73}},"69":{"start":{"line":198,"column":2},"end":{"line":200,"column":3}},"70":{"start":{"line":199,"column":4},"end":{"line":199,"column":61}},"71":{"start":{"line":201,"column":2},"end":{"line":201,"column":59}},"72":{"start":{"line":202,"column":2},"end":{"line":202,"column":46}},"73":{"start":{"line":202,"column":26},"end":{"line":202,"column":44}}},"fnMap":{"0":{"name":"(anonymous_0)","decl":{"start":{"line":27,"column":2},"end":{"line":27,"column":3}},"loc":{"start":{"line":27,"column":12},"end":{"line":27,"column":54}},"line":27},"1":{"name":"(anonymous_1)","decl":{"start":{"line":39,"column":7},"end":{"line":39,"column":8}},"loc":{"start":{"line":39,"column":17},"end":{"line":39,"column":59}},"line":39},"2":{"name":"(anonymous_2)","decl":{"start":{"line":42,"column":9},"end":{"line":42,"column":10}},"loc":{"start":{"line":42,"column":25},"end":{"line":42,"column":54}},"line":42},"3":{"name":"(anonymous_3)","decl":{"start":{"line":49,"column":27},"end":{"line":49,"column":28}},"loc":{"start":{"line":49,"column":37},"end":{"line":61,"column":1}},"line":49},"4":{"name":"(anonymous_4)","decl":{"start":{"line":52,"column":12},"end":{"line":52,"column":13}},"loc":{"start":{"line":52,"column":22},"end":{"line":52,"column":64}},"line":52},"5":{"name":"(anonymous_5)","decl":{"start":{"line":57,"column":25},"end":{"line":57,"column":26}},"loc":{"start":{"line":57,"column":34},"end":{"line":57,"column":76}},"line":57},"6":{"name":"(anonymous_6)","decl":{"start":{"line":58,"column":25},"end":{"line":58,"column":26}},"loc":{"start":{"line":58,"column":34},"end":{"line":58,"column":76}},"line":58},"7":{"name":"(anonymous_7)","decl":{"start":{"line":59,"column":23},"end":{"line":59,"column":24}},"loc":{"start":{"line":59,"column":32},"end":{"line":59,"column":72}},"line":59},"8":{"name":"(anonymous_8)","decl":{"start":{"line":67,"column":19},"end":{"line":67,"column":20}},"loc":{"start":{"line":67,"column":37},"end":{"line":82,"column":1}},"line":67},"9":{"name":"(anonymous_9)","decl":{"start":{"line":72,"column":4},"end":{"line":72,"column":5}},"loc":{"start":{"line":72,"column":38},"end":{"line":72,"column":70}},"line":72},"10":{"name":"(anonymous_10)","decl":{"start":{"line":88,"column":21},"end":{"line":88,"column":22}},"loc":{"start":{"line":88,"column":34},"end":{"line":102,"column":1}},"line":88},"11":{"name":"(anonymous_11)","decl":{"start":{"line":98,"column":43},"end":{"line":98,"column":44}},"loc":{"start":{"line":98,"column":49},"end":{"line":98,"column":68}},"line":98},"12":{"name":"(anonymous_12)","decl":{"start":{"line":99,"column":43},"end":{"line":99,"column":44}},"loc":{"start":{"line":99,"column":49},"end":{"line":99,"column":68}},"line":99},"13":{"name":"(anonymous_13)","decl":{"start":{"line":100,"column":41},"end":{"line":100,"column":42}},"loc":{"start":{"line":100,"column":47},"end":{"line":100,"column":77}},"line":100},"14":{"name":"(anonymous_14)","decl":{"start":{"line":108,"column":16},"end":{"line":108,"column":17}},"loc":{"start":{"line":108,"column":29},"end":{"line":113,"column":1}},"line":108},"15":{"name":"(anonymous_15)","decl":{"start":{"line":120,"column":19},"end":{"line":120,"column":20}},"loc":{"start":{"line":120,"column":43},"end":{"line":138,"column":1}},"line":120},"16":{"name":"(anonymous_16)","decl":{"start":{"line":126,"column":4},"end":{"line":126,"column":5}},"loc":{"start":{"line":127,"column":6},"end":{"line":127,"column":60}},"line":127},"17":{"name":"(anonymous_17)","decl":{"start":{"line":144,"column":17},"end":{"line":144,"column":18}},"loc":{"start":{"line":144,"column":23},"end":{"line":146,"column":1}},"line":144},"18":{"name":"(anonymous_18)","decl":{"start":{"line":152,"column":29},"end":{"line":152,"column":30}},"loc":{"start":{"line":152,"column":36},"end":{"line":186,"column":1}},"line":152},"19":{"name":"(anonymous_19)","decl":{"start":{"line":170,"column":6},"end":{"line":170,"column":7}},"loc":{"start":{"line":171,"column":8},"end":{"line":171,"column":54}},"line":171},"20":{"name":"(anonymous_20)","decl":{"start":{"line":182,"column":44},"end":{"line":182,"column":45}},"loc":{"start":{"line":182,"column":56},"end":{"line":185,"column":3}},"line":182},"21":{"name":"(anonymous_21)","decl":{"start":{"line":193,"column":27},"end":{"line":193,"column":28}},"loc":{"start":{"line":193,"column":49},"end":{"line":203,"column":1}},"line":193},"22":{"name":"(anonymous_22)","decl":{"start":{"line":202,"column":16},"end":{"line":202,"column":17}},"loc":{"start":{"line":202,"column":26},"end":{"line":202,"column":44}},"line":202}},"branchMap":{"0":{"loc":{"start":{"line":72,"column":38},"end":{"line":72,"column":70}},"type":"binary-expr","locations":[{"start":{"line":72,"column":38},"end":{"line":72,"column":49}},{"start":{"line":72,"column":53},"end":{"line":72,"column":70}}],"line":72},"1":{"loc":{"start":{"line":127,"column":6},"end":{"line":127,"column":60}},"type":"binary-expr","locations":[{"start":{"line":127,"column":6},"end":{"line":127,"column":25}},{"start":{"line":127,"column":29},"end":{"line":127,"column":60}}],"line":127},"2":{"loc":{"start":{"line":162,"column":2},"end":{"line":165,"column":3}},"type":"if","locations":[{"start":{"line":162,"column":2},"end":{"line":165,"column":3}},{"start":{"line":162,"column":2},"end":{"line":165,"column":3}}],"line":162},"3":{"loc":{"start":{"line":162,"column":6},"end":{"line":162,"column":42}},"type":"binary-expr","locations":[{"start":{"line":162,"column":6},"end":{"line":162,"column":19}},{"start":{"line":162,"column":23},"end":{"line":162,"column":42}}],"line":162},"4":{"loc":{"start":{"line":168,"column":2},"end":{"line":179,"column":3}},"type":"if","locations":[{"start":{"line":168,"column":2},"end":{"line":179,"column":3}},{"start":{"line":168,"column":2},"end":{"line":179,"column":3}}],"line":168},"5":{"loc":{"start":{"line":171,"column":8},"end":{"line":171,"column":54}},"type":"binary-expr","locations":[{"start":{"line":171,"column":8},"end":{"line":171,"column":26}},{"start":{"line":171,"column":30},"end":{"line":171,"column":54}}],"line":171},"6":{"loc":{"start":{"line":198,"column":2},"end":{"line":200,"column":3}},"type":"if","locations":[{"start":{"line":198,"column":2},"end":{"line":200,"column":3}},{"start":{"line":198,"column":2},"end":{"line":200,"column":3}}],"line":198}},"s":{"0":1,"1":1,"2":1,"3":2,"4":1,"5":1,"6":1,"7":2,"8":1,"9":2,"10":1,"11":3,"12":9,"13":3,"14":6,"15":9,"16":3,"17":1,"18":1,"19":1,"20":2,"21":1,"22":1,"23":1,"24":1,"25":1,"26":3,"27":3,"28":3,"29":3,"30":0,"31":3,"32":0,"33":3,"34":0,"35":3,"36":1,"37":1,"38":1,"39":1,"40":1,"41":1,"42":1,"43":1,"44":2,"45":1,"46":1,"47":1,"48":1,"49":1,"50":1,"51":4,"52":1,"53":0,"54":0,"55":0,"56":0,"57":0,"58":0,"59":0,"60":0,"61":0,"62":0,"63":0,"64":0,"65":0,"66":1,"67":1,"68":1,"69":1,"70":0,"71":1,"72":1,"73":2},"f":{"0":2,"1":2,"2":2,"3":3,"4":9,"5":6,"6":9,"7":3,"8":1,"9":2,"10":3,"11":0,"12":0,"13":0,"14":1,"15":1,"16":2,"17":4,"18":0,"19":0,"20":0,"21":1,"22":2},"b":{"0":[2,1],"1":[2,1],"2":[0,0],"3":[0,0],"4":[0,0],"5":[0,0],"6":[0,1]},"_coverageSchema":"1a1c01bbd47fc00a2c39e90264f33305004495a9","hash":"64f426a96c4a9237186e92e48dbd8d83502d1011"}
,"/Users/sean/projects/cse110/group6/src/utils/index.js": {"path":"/Users/sean/projects/cse110/group6/src/utils/index.js","statementMap":{"0":{"start":{"line":7,"column":22},"end":{"line":21,"column":1}},"1":{"start":{"line":8,"column":18},"end":{"line":8,"column":53}},"2":{"start":{"line":11,"column":2},"end":{"line":18,"column":5}},"3":{"start":{"line":12,"column":4},"end":{"line":17,"column":5}},"4":{"start":{"line":14,"column":6},"end":{"line":14,"column":27}},"5":{"start":{"line":16,"column":6},"end":{"line":16,"column":39}},"6":{"start":{"line":20,"column":2},"end":{"line":20,"column":17}}},"fnMap":{"0":{"name":"(anonymous_0)","decl":{"start":{"line":7,"column":22},"end":{"line":7,"column":23}},"loc":{"start":{"line":7,"column":67},"end":{"line":21,"column":1}},"line":7},"1":{"name":"(anonymous_1)","decl":{"start":{"line":11,"column":37},"end":{"line":11,"column":38}},"loc":{"start":{"line":11,"column":55},"end":{"line":18,"column":3}},"line":11}},"branchMap":{"0":{"loc":{"start":{"line":12,"column":4},"end":{"line":17,"column":5}},"type":"if","locations":[{"start":{"line":12,"column":4},"end":{"line":17,"column":5}},{"start":{"line":12,"column":4},"end":{"line":17,"column":5}}],"line":12},"1":{"loc":{"start":{"line":12,"column":8},"end":{"line":12,"column":50}},"type":"binary-expr","locations":[{"start":{"line":12,"column":8},"end":{"line":12,"column":27}},{"start":{"line":12,"column":31},"end":{"line":12,"column":50}}],"line":12}},"s":{"0":1,"1":35,"2":35,"3":72,"4":12,"5":60,"6":35},"f":{"0":35,"1":72},"b":{"0":[12,60],"1":[72,60]},"_coverageSchema":"1a1c01bbd47fc00a2c39e90264f33305004495a9","hash":"db8fb69077862cdf8e64cef288d3da0a36061c34"}
}
