{"/Users/sean/projects/cse110/group6/src/components/TaskItem.js": {"path":"/Users/sean/projects/cse110/group6/src/components/TaskItem.js","statementMap":{"0":{"start":{"line":5,"column":4},"end":{"line":5,"column":36}},"1":{"start":{"line":9,"column":4},"end":{"line":9,"column":12}},"2":{"start":{"line":12,"column":4},"end":{"line":12,"column":54}},"3":{"start":{"line":14,"column":4},"end":{"line":14,"column":56}},"4":{"start":{"line":15,"column":4},"end":{"line":66,"column":6}},"5":{"start":{"line":68,"column":4},"end":{"line":71,"column":7}},"6":{"start":{"line":73,"column":4},"end":{"line":75,"column":7}},"7":{"start":{"line":76,"column":4},"end":{"line":78,"column":7}},"8":{"start":{"line":79,"column":4},"end":{"line":81,"column":7}},"9":{"start":{"line":83,"column":4},"end":{"line":87,"column":7}},"10":{"start":{"line":89,"column":4},"end":{"line":93,"column":7}},"11":{"start":{"line":95,"column":4},"end":{"line":99,"column":7}},"12":{"start":{"line":101,"column":4},"end":{"line":105,"column":6}},"13":{"start":{"line":106,"column":4},"end":{"line":112,"column":6}},"14":{"start":{"line":116,"column":4},"end":{"line":124,"column":5}},"15":{"start":{"line":118,"column":8},"end":{"line":118,"column":47}},"16":{"start":{"line":119,"column":8},"end":{"line":119,"column":14}},"17":{"start":{"line":121,"column":8},"end":{"line":121,"column":53}},"18":{"start":{"line":122,"column":8},"end":{"line":122,"column":14}},"19":{"start":{"line":128,"column":0},"end":{"line":128,"column":45}}},"fnMap":{"0":{"name":"(anonymous_0)","decl":{"start":{"line":4,"column":2},"end":{"line":4,"column":3}},"loc":{"start":{"line":4,"column":34},"end":{"line":6,"column":3}},"line":4},"1":{"name":"(anonymous_1)","decl":{"start":{"line":8,"column":2},"end":{"line":8,"column":3}},"loc":{"start":{"line":8,"column":16},"end":{"line":113,"column":3}},"line":8},"2":{"name":"(anonymous_2)","decl":{"start":{"line":115,"column":2},"end":{"line":115,"column":3}},"loc":{"start":{"line":115,"column":53},"end":{"line":125,"column":3}},"line":115}},"branchMap":{"0":{"loc":{"start":{"line":116,"column":4},"end":{"line":124,"column":5}},"type":"switch","locations":[{"start":{"line":117,"column":6},"end":{"line":119,"column":14}},{"start":{"line":120,"column":6},"end":{"line":122,"column":14}},{"start":{"line":123,"column":6},"end":{"line":123,"column":14}}],"line":116}},"s":{"0":1,"1":3,"2":3,"3":3,"4":3,"5":3,"6":3,"7":3,"8":3,"9":3,"10":3,"11":3,"12":3,"13":3,"14":8,"15":4,"16":4,"17":4,"18":4,"19":1},"f":{"0":1,"1":3,"2":8},"b":{"0":[4,4,0]},"_coverageSchema":"1a1c01bbd47fc00a2c39e90264f33305004495a9","hash":"a2e01cb9ba9ca8bdebc53676555214ae987f0ba6"}
,"/Users/sean/projects/cse110/group6/src/components/TaskItemForm.js": {"path":"/Users/sean/projects/cse110/group6/src/components/TaskItemForm.js","statementMap":{"0":{"start":{"line":5,"column":4},"end":{"line":5,"column":12}},"1":{"start":{"line":7,"column":4},"end":{"line":7,"column":54}},"2":{"start":{"line":9,"column":4},"end":{"line":9,"column":56}},"3":{"start":{"line":10,"column":4},"end":{"line":55,"column":6}},"4":{"start":{"line":57,"column":4},"end":{"line":59,"column":7}},"5":{"start":{"line":61,"column":4},"end":{"line":64,"column":7}},"6":{"start":{"line":66,"column":4},"end":{"line":72,"column":7}},"7":{"start":{"line":74,"column":4},"end":{"line":77,"column":7}},"8":{"start":{"line":79,"column":4},"end":{"line":85,"column":7}},"9":{"start":{"line":87,"column":4},"end":{"line":92,"column":7}},"10":{"start":{"line":94,"column":4},"end":{"line":94,"column":65}},"11":{"start":{"line":95,"column":4},"end":{"line":101,"column":6}},"12":{"start":{"line":105,"column":0},"end":{"line":105,"column":54}}},"fnMap":{"0":{"name":"(anonymous_0)","decl":{"start":{"line":4,"column":2},"end":{"line":4,"column":3}},"loc":{"start":{"line":4,"column":16},"end":{"line":102,"column":3}},"line":4}},"branchMap":{},"s":{"0":1,"1":1,"2":1,"3":1,"4":1,"5":1,"6":1,"7":1,"8":1,"9":1,"10":1,"11":1,"12":1},"f":{"0":1},"b":{},"_coverageSchema":"1a1c01bbd47fc00a2c39e90264f33305004495a9","hash":"20ec3c3f8270551181269489028ad84c2d92e4ce"}
,"/Users/sean/projects/cse110/group6/src/components/TaskList.js": {"path":"/Users/sean/projects/cse110/group6/src/components/TaskList.js","statementMap":{"0":{"start":{"line":5,"column":4},"end":{"line":5,"column":12}},"1":{"start":{"line":7,"column":4},"end":{"line":7,"column":54}},"2":{"start":{"line":8,"column":4},"end":{"line":8,"column":56}},"3":{"start":{"line":9,"column":4},"end":{"line":20,"column":6}},"4":{"start":{"line":22,"column":4},"end":{"line":24,"column":7}},"5":{"start":{"line":26,"column":4},"end":{"line":29,"column":7}},"6":{"start":{"line":31,"column":4},"end":{"line":33,"column":7}},"7":{"start":{"line":35,"column":4},"end":{"line":37,"column":7}},"8":{"start":{"line":39,"column":4},"end":{"line":39,"column":65}},"9":{"start":{"line":40,"column":4},"end":{"line":44,"column":6}},"10":{"start":{"line":48,"column":0},"end":{"line":48,"column":45}}},"fnMap":{"0":{"name":"(anonymous_0)","decl":{"start":{"line":4,"column":2},"end":{"line":4,"column":3}},"loc":{"start":{"line":4,"column":16},"end":{"line":45,"column":3}},"line":4}},"branchMap":{},"s":{"0":1,"1":1,"2":1,"3":1,"4":1,"5":1,"6":1,"7":1,"8":1,"9":1,"10":1},"f":{"0":1},"b":{},"_coverageSchema":"1a1c01bbd47fc00a2c39e90264f33305004495a9","hash":"61ec26ef89408c26c2e7dad87a5a4de034f39c53"}
,"/Users/sean/projects/cse110/group6/src/scripts/taskList.js": {"path":"/Users/sean/projects/cse110/group6/src/scripts/taskList.js","statementMap":{"0":{"start":{"line":18,"column":12},"end":{"line":18,"column":14}},"1":{"start":{"line":23,"column":17},"end":{"line":23,"column":47}},"2":{"start":{"line":24,"column":26},"end":{"line":26,"column":1}},"3":{"start":{"line":25,"column":12},"end":{"line":25,"column":42}},"4":{"start":{"line":27,"column":30},"end":{"line":29,"column":1}},"5":{"start":{"line":34,"column":21},"end":{"line":34,"column":71}},"6":{"start":{"line":35,"column":30},"end":{"line":37,"column":48}},"7":{"start":{"line":37,"column":17},"end":{"line":37,"column":47}},"8":{"start":{"line":38,"column":27},"end":{"line":40,"column":60}},"9":{"start":{"line":40,"column":25},"end":{"line":40,"column":54}},"10":{"start":{"line":47,"column":27},"end":{"line":59,"column":1}},"11":{"start":{"line":48,"column":18},"end":{"line":52,"column":3}},"12":{"start":{"line":50,"column":22},"end":{"line":50,"column":64}},"13":{"start":{"line":54,"column":2},"end":{"line":58,"column":4}},"14":{"start":{"line":55,"column":34},"end":{"line":55,"column":76}},"15":{"start":{"line":56,"column":34},"end":{"line":56,"column":76}},"16":{"start":{"line":57,"column":32},"end":{"line":57,"column":72}},"17":{"start":{"line":65,"column":19},"end":{"line":80,"column":1}},"18":{"start":{"line":66,"column":33},"end":{"line":66,"column":45}},"19":{"start":{"line":69,"column":20},"end":{"line":71,"column":3}},"20":{"start":{"line":70,"column":38},"end":{"line":70,"column":70}},"21":{"start":{"line":72,"column":2},"end":{"line":72,"column":29}},"22":{"start":{"line":73,"column":2},"end":{"line":73,"column":62}},"23":{"start":{"line":76,"column":19},"end":{"line":78,"column":3}},"24":{"start":{"line":79,"column":2},"end":{"line":79,"column":20}},"25":{"start":{"line":86,"column":21},"end":{"line":99,"column":1}},"26":{"start":{"line":87,"column":33},"end":{"line":87,"column":40}},"27":{"start":{"line":90,"column":19},"end":{"line":93,"column":4}},"28":{"start":{"line":94,"column":18},"end":{"line":94,"column":46}},"29":{"start":{"line":95,"column":2},"end":{"line":95,"column":70}},"30":{"start":{"line":95,"column":49},"end":{"line":95,"column":68}},"31":{"start":{"line":96,"column":2},"end":{"line":96,"column":70}},"32":{"start":{"line":96,"column":49},"end":{"line":96,"column":68}},"33":{"start":{"line":97,"column":2},"end":{"line":97,"column":79}},"34":{"start":{"line":97,"column":47},"end":{"line":97,"column":77}},"35":{"start":{"line":98,"column":2},"end":{"line":98,"column":41}},"36":{"start":{"line":105,"column":16},"end":{"line":110,"column":1}},"37":{"start":{"line":107,"column":2},"end":{"line":107,"column":22}},"38":{"start":{"line":108,"column":2},"end":{"line":108,"column":62}},"39":{"start":{"line":109,"column":2},"end":{"line":109,"column":24}},"40":{"start":{"line":117,"column":19},"end":{"line":135,"column":1}},"41":{"start":{"line":118,"column":61},"end":{"line":118,"column":69}},"42":{"start":{"line":119,"column":61},"end":{"line":119,"column":69}},"43":{"start":{"line":122,"column":20},"end":{"line":125,"column":3}},"44":{"start":{"line":124,"column":6},"end":{"line":124,"column":60}},"45":{"start":{"line":126,"column":2},"end":{"line":126,"column":30}},"46":{"start":{"line":127,"column":2},"end":{"line":127,"column":62}},"47":{"start":{"line":130,"column":19},"end":{"line":132,"column":3}},"48":{"start":{"line":133,"column":2},"end":{"line":133,"column":44}},"49":{"start":{"line":134,"column":2},"end":{"line":134,"column":56}},"50":{"start":{"line":141,"column":17},"end":{"line":143,"column":1}},"51":{"start":{"line":142,"column":2},"end":{"line":142,"column":15}},"52":{"start":{"line":149,"column":29},"end":{"line":183,"column":1}},"53":{"start":{"line":150,"column":2},"end":{"line":150,"column":21}},"54":{"start":{"line":155,"column":6},"end":{"line":155,"column":24}},"55":{"start":{"line":156,"column":45},"end":{"line":156,"column":79}},"56":{"start":{"line":159,"column":2},"end":{"line":162,"column":3}},"57":{"start":{"line":160,"column":4},"end":{"line":160,"column":49}},"58":{"start":{"line":161,"column":4},"end":{"line":161,"column":11}},"59":{"start":{"line":165,"column":2},"end":{"line":176,"column":3}},"60":{"start":{"line":168,"column":8},"end":{"line":168,"column":54}},"61":{"start":{"line":171,"column":4},"end":{"line":174,"column":6}},"62":{"start":{"line":175,"column":4},"end":{"line":175,"column":11}},"63":{"start":{"line":178,"column":2},"end":{"line":178,"column":68}},"64":{"start":{"line":179,"column":2},"end":{"line":182,"column":6}},"65":{"start":{"line":179,"column":56},"end":{"line":182,"column":3}},"66":{"start":{"line":190,"column":27},"end":{"line":200,"column":1}},"67":{"start":{"line":191,"column":2},"end":{"line":191,"column":41}},"68":{"start":{"line":192,"column":2},"end":{"line":192,"column":73}},"69":{"start":{"line":195,"column":2},"end":{"line":197,"column":3}},"70":{"start":{"line":196,"column":4},"end":{"line":196,"column":61}},"71":{"start":{"line":198,"column":2},"end":{"line":198,"column":59}},"72":{"start":{"line":199,"column":2},"end":{"line":199,"column":46}},"73":{"start":{"line":199,"column":26},"end":{"line":199,"column":44}}},"fnMap":{"0":{"name":"(anonymous_0)","decl":{"start":{"line":25,"column":2},"end":{"line":25,"column":3}},"loc":{"start":{"line":25,"column":12},"end":{"line":25,"column":42}},"line":25},"1":{"name":"(anonymous_1)","decl":{"start":{"line":37,"column":7},"end":{"line":37,"column":8}},"loc":{"start":{"line":37,"column":17},"end":{"line":37,"column":47}},"line":37},"2":{"name":"(anonymous_2)","decl":{"start":{"line":40,"column":9},"end":{"line":40,"column":10}},"loc":{"start":{"line":40,"column":25},"end":{"line":40,"column":54}},"line":40},"3":{"name":"(anonymous_3)","decl":{"start":{"line":47,"column":27},"end":{"line":47,"column":28}},"loc":{"start":{"line":47,"column":37},"end":{"line":59,"column":1}},"line":47},"4":{"name":"(anonymous_4)","decl":{"start":{"line":50,"column":12},"end":{"line":50,"column":13}},"loc":{"start":{"line":50,"column":22},"end":{"line":50,"column":64}},"line":50},"5":{"name":"(anonymous_5)","decl":{"start":{"line":55,"column":25},"end":{"line":55,"column":26}},"loc":{"start":{"line":55,"column":34},"end":{"line":55,"column":76}},"line":55},"6":{"name":"(anonymous_6)","decl":{"start":{"line":56,"column":25},"end":{"line":56,"column":26}},"loc":{"start":{"line":56,"column":34},"end":{"line":56,"column":76}},"line":56},"7":{"name":"(anonymous_7)","decl":{"start":{"line":57,"column":23},"end":{"line":57,"column":24}},"loc":{"start":{"line":57,"column":32},"end":{"line":57,"column":72}},"line":57},"8":{"name":"(anonymous_8)","decl":{"start":{"line":65,"column":19},"end":{"line":65,"column":20}},"loc":{"start":{"line":65,"column":37},"end":{"line":80,"column":1}},"line":65},"9":{"name":"(anonymous_9)","decl":{"start":{"line":70,"column":4},"end":{"line":70,"column":5}},"loc":{"start":{"line":70,"column":38},"end":{"line":70,"column":70}},"line":70},"10":{"name":"(anonymous_10)","decl":{"start":{"line":86,"column":21},"end":{"line":86,"column":22}},"loc":{"start":{"line":86,"column":34},"end":{"line":99,"column":1}},"line":86},"11":{"name":"(anonymous_11)","decl":{"start":{"line":95,"column":43},"end":{"line":95,"column":44}},"loc":{"start":{"line":95,"column":49},"end":{"line":95,"column":68}},"line":95},"12":{"name":"(anonymous_12)","decl":{"start":{"line":96,"column":43},"end":{"line":96,"column":44}},"loc":{"start":{"line":96,"column":49},"end":{"line":96,"column":68}},"line":96},"13":{"name":"(anonymous_13)","decl":{"start":{"line":97,"column":41},"end":{"line":97,"column":42}},"loc":{"start":{"line":97,"column":47},"end":{"line":97,"column":77}},"line":97},"14":{"name":"(anonymous_14)","decl":{"start":{"line":105,"column":16},"end":{"line":105,"column":17}},"loc":{"start":{"line":105,"column":29},"end":{"line":110,"column":1}},"line":105},"15":{"name":"(anonymous_15)","decl":{"start":{"line":117,"column":19},"end":{"line":117,"column":20}},"loc":{"start":{"line":117,"column":43},"end":{"line":135,"column":1}},"line":117},"16":{"name":"(anonymous_16)","decl":{"start":{"line":123,"column":4},"end":{"line":123,"column":5}},"loc":{"start":{"line":124,"column":6},"end":{"line":124,"column":60}},"line":124},"17":{"name":"(anonymous_17)","decl":{"start":{"line":141,"column":17},"end":{"line":141,"column":18}},"loc":{"start":{"line":141,"column":23},"end":{"line":143,"column":1}},"line":141},"18":{"name":"(anonymous_18)","decl":{"start":{"line":149,"column":29},"end":{"line":149,"column":30}},"loc":{"start":{"line":149,"column":36},"end":{"line":183,"column":1}},"line":149},"19":{"name":"(anonymous_19)","decl":{"start":{"line":167,"column":6},"end":{"line":167,"column":7}},"loc":{"start":{"line":168,"column":8},"end":{"line":168,"column":54}},"line":168},"20":{"name":"(anonymous_20)","decl":{"start":{"line":179,"column":44},"end":{"line":179,"column":45}},"loc":{"start":{"line":179,"column":56},"end":{"line":182,"column":3}},"line":179},"21":{"name":"(anonymous_21)","decl":{"start":{"line":190,"column":27},"end":{"line":190,"column":28}},"loc":{"start":{"line":190,"column":49},"end":{"line":200,"column":1}},"line":190},"22":{"name":"(anonymous_22)","decl":{"start":{"line":199,"column":16},"end":{"line":199,"column":17}},"loc":{"start":{"line":199,"column":26},"end":{"line":199,"column":44}},"line":199}},"branchMap":{"0":{"loc":{"start":{"line":70,"column":38},"end":{"line":70,"column":70}},"type":"binary-expr","locations":[{"start":{"line":70,"column":38},"end":{"line":70,"column":49}},{"start":{"line":70,"column":53},"end":{"line":70,"column":70}}],"line":70},"1":{"loc":{"start":{"line":124,"column":6},"end":{"line":124,"column":60}},"type":"binary-expr","locations":[{"start":{"line":124,"column":6},"end":{"line":124,"column":25}},{"start":{"line":124,"column":29},"end":{"line":124,"column":60}}],"line":124},"2":{"loc":{"start":{"line":159,"column":2},"end":{"line":162,"column":3}},"type":"if","locations":[{"start":{"line":159,"column":2},"end":{"line":162,"column":3}},{"start":{"line":159,"column":2},"end":{"line":162,"column":3}}],"line":159},"3":{"loc":{"start":{"line":159,"column":6},"end":{"line":159,"column":42}},"type":"binary-expr","locations":[{"start":{"line":159,"column":6},"end":{"line":159,"column":19}},{"start":{"line":159,"column":23},"end":{"line":159,"column":42}}],"line":159},"4":{"loc":{"start":{"line":165,"column":2},"end":{"line":176,"column":3}},"type":"if","locations":[{"start":{"line":165,"column":2},"end":{"line":176,"column":3}},{"start":{"line":165,"column":2},"end":{"line":176,"column":3}}],"line":165},"5":{"loc":{"start":{"line":168,"column":8},"end":{"line":168,"column":54}},"type":"binary-expr","locations":[{"start":{"line":168,"column":8},"end":{"line":168,"column":26}},{"start":{"line":168,"column":30},"end":{"line":168,"column":54}}],"line":168},"6":{"loc":{"start":{"line":195,"column":2},"end":{"line":197,"column":3}},"type":"if","locations":[{"start":{"line":195,"column":2},"end":{"line":197,"column":3}},{"start":{"line":195,"column":2},"end":{"line":197,"column":3}}],"line":195}},"s":{"0":1,"1":1,"2":1,"3":2,"4":1,"5":1,"6":1,"7":2,"8":1,"9":2,"10":1,"11":3,"12":9,"13":3,"14":6,"15":9,"16":3,"17":1,"18":1,"19":1,"20":2,"21":1,"22":1,"23":1,"24":1,"25":1,"26":3,"27":3,"28":3,"29":3,"30":0,"31":3,"32":0,"33":3,"34":0,"35":3,"36":1,"37":1,"38":1,"39":1,"40":1,"41":1,"42":1,"43":1,"44":2,"45":1,"46":1,"47":1,"48":1,"49":1,"50":1,"51":4,"52":1,"53":0,"54":0,"55":0,"56":0,"57":0,"58":0,"59":0,"60":0,"61":0,"62":0,"63":0,"64":0,"65":0,"66":1,"67":1,"68":1,"69":1,"70":0,"71":1,"72":1,"73":2},"f":{"0":2,"1":2,"2":2,"3":3,"4":9,"5":6,"6":9,"7":3,"8":1,"9":2,"10":3,"11":0,"12":0,"13":0,"14":1,"15":1,"16":2,"17":4,"18":0,"19":0,"20":0,"21":1,"22":2},"b":{"0":[2,1],"1":[2,1],"2":[0,0],"3":[0,0],"4":[0,0],"5":[0,0],"6":[0,1]},"_coverageSchema":"1a1c01bbd47fc00a2c39e90264f33305004495a9","hash":"58ba449737f98dfe59ee28903db27fa15f698cf4"}
,"/Users/sean/projects/cse110/group6/src/utils/index.js": {"path":"/Users/sean/projects/cse110/group6/src/utils/index.js","statementMap":{"0":{"start":{"line":9,"column":22},"end":{"line":22,"column":1}},"1":{"start":{"line":10,"column":24},"end":{"line":10,"column":31}},"2":{"start":{"line":12,"column":2},"end":{"line":13,"column":53}},"3":{"start":{"line":12,"column":17},"end":{"line":12,"column":76}},"4":{"start":{"line":13,"column":7},"end":{"line":13,"column":53}},"5":{"start":{"line":16,"column":2},"end":{"line":19,"column":5}},"6":{"start":{"line":17,"column":4},"end":{"line":18,"column":30}},"7":{"start":{"line":17,"column":40},"end":{"line":17,"column":73}},"8":{"start":{"line":18,"column":9},"end":{"line":18,"column":30}},"9":{"start":{"line":21,"column":2},"end":{"line":21,"column":17}},"10":{"start":{"line":29,"column":23},"end":{"line":32,"column":1}},"11":{"start":{"line":30,"column":14},"end":{"line":30,"column":33}},"12":{"start":{"line":31,"column":2},"end":{"line":31,"column":40}}},"fnMap":{"0":{"name":"(anonymous_0)","decl":{"start":{"line":9,"column":22},"end":{"line":9,"column":23}},"loc":{"start":{"line":9,"column":65},"end":{"line":22,"column":1}},"line":9},"1":{"name":"(anonymous_1)","decl":{"start":{"line":16,"column":32},"end":{"line":16,"column":33}},"loc":{"start":{"line":16,"column":50},"end":{"line":19,"column":3}},"line":16},"2":{"name":"(anonymous_2)","decl":{"start":{"line":29,"column":23},"end":{"line":29,"column":24}},"loc":{"start":{"line":29,"column":34},"end":{"line":32,"column":1}},"line":29}},"branchMap":{"0":{"loc":{"start":{"line":9,"column":36},"end":{"line":9,"column":46}},"type":"default-arg","locations":[{"start":{"line":9,"column":44},"end":{"line":9,"column":46}}],"line":9},"1":{"loc":{"start":{"line":9,"column":48},"end":{"line":9,"column":60}},"type":"default-arg","locations":[{"start":{"line":9,"column":58},"end":{"line":9,"column":60}}],"line":9},"2":{"loc":{"start":{"line":12,"column":2},"end":{"line":13,"column":53}},"type":"if","locations":[{"start":{"line":12,"column":2},"end":{"line":13,"column":53}},{"start":{"line":12,"column":2},"end":{"line":13,"column":53}}],"line":12},"3":{"loc":{"start":{"line":17,"column":4},"end":{"line":18,"column":30}},"type":"if","locations":[{"start":{"line":17,"column":4},"end":{"line":18,"column":30}},{"start":{"line":17,"column":4},"end":{"line":18,"column":30}}],"line":17},"4":{"loc":{"start":{"line":17,"column":8},"end":{"line":17,"column":38}},"type":"binary-expr","locations":[{"start":{"line":17,"column":8},"end":{"line":17,"column":17}},{"start":{"line":17,"column":21},"end":{"line":17,"column":38}}],"line":17},"5":{"loc":{"start":{"line":31,"column":9},"end":{"line":31,"column":39}},"type":"cond-expr","locations":[{"start":{"line":31,"column":29},"end":{"line":31,"column":33}},{"start":{"line":31,"column":36},"end":{"line":31,"column":39}}],"line":31}},"s":{"0":1,"1":35,"2":35,"3":0,"4":35,"5":35,"6":72,"7":17,"8":55,"9":35,"10":1,"11":0,"12":0},"f":{"0":35,"1":72,"2":0},"b":{"0":[0],"1":[35],"2":[0,35],"3":[17,55],"4":[72,72],"5":[0,0]},"_coverageSchema":"1a1c01bbd47fc00a2c39e90264f33305004495a9","hash":"0e1718a99d185cce6bb7f990309894def43ff15d"}
}
