TN:
SF:src/components/task-item-form.js
FN:4,(anonymous_0)
FNF:1
FNH:1
FNDA:1,(anonymous_0)
DA:5,1
DA:7,1
DA:9,1
DA:10,1
DA:57,1
DA:62,1
DA:68,1
DA:77,1
DA:83,1
DA:92,1
DA:100,1
DA:101,1
DA:111,1
LF:13
LH:13
BRF:0
BRH:0
end_of_record
TN:
SF:src/components/task-item.js
FN:4,(anonymous_0)
FN:8,(anonymous_1)
FN:122,(anonymous_2)
FNF:3
FNH:3
FNDA:1,(anonymous_0)
FNDA:3,(anonymous_1)
FNDA:8,(anonymous_2)
DA:5,1
DA:9,3
DA:12,3
DA:14,3
DA:15,3
DA:68,3
DA:74,3
DA:78,3
DA:82,3
DA:87,3
DA:94,3
DA:101,3
DA:108,3
DA:113,3
DA:123,8
DA:125,4
DA:126,4
DA:128,4
DA:129,4
DA:135,1
LF:20
LH:20
BRDA:123,0,0,4
BRDA:123,0,1,4
BRDA:123,0,2,0
BRF:3
BRH:2
end_of_record
TN:
SF:src/components/task-list.js
FN:4,(anonymous_0)
FNF:1
FNH:1
FNDA:1,(anonymous_0)
DA:5,1
DA:7,1
DA:8,1
DA:9,1
DA:22,1
DA:27,1
DA:33,1
DA:38,1
DA:43,1
DA:44,1
DA:52,1
LF:11
LH:11
BRF:0
BRH:0
end_of_record
TN:
SF:src/scripts/task-list.js
FN:27,(anonymous_0)
FN:39,(anonymous_1)
FN:42,(anonymous_2)
FN:49,(anonymous_3)
FN:52,(anonymous_4)
FN:57,(anonymous_5)
FN:58,(anonymous_6)
FN:59,(anonymous_7)
FN:67,(anonymous_8)
FN:72,(anonymous_9)
FN:88,(anonymous_10)
FN:98,(anonymous_11)
FN:99,(anonymous_12)
FN:100,(anonymous_13)
FN:108,(anonymous_14)
FN:120,(anonymous_15)
FN:126,(anonymous_16)
FN:144,(anonymous_17)
FN:152,(anonymous_18)
FN:170,(anonymous_19)
FN:182,(anonymous_20)
FN:193,(anonymous_21)
FN:202,(anonymous_22)
FNF:23
FNH:17
FNDA:2,(anonymous_0)
FNDA:2,(anonymous_1)
FNDA:2,(anonymous_2)
FNDA:3,(anonymous_3)
FNDA:9,(anonymous_4)
FNDA:6,(anonymous_5)
FNDA:9,(anonymous_6)
FNDA:3,(anonymous_7)
FNDA:1,(anonymous_8)
FNDA:2,(anonymous_9)
FNDA:3,(anonymous_10)
FNDA:0,(anonymous_11)
FNDA:0,(anonymous_12)
FNDA:0,(anonymous_13)
FNDA:1,(anonymous_14)
FNDA:1,(anonymous_15)
FNDA:2,(anonymous_16)
FNDA:4,(anonymous_17)
FNDA:0,(anonymous_18)
FNDA:0,(anonymous_19)
FNDA:0,(anonymous_20)
FNDA:1,(anonymous_21)
FNDA:2,(anonymous_22)
DA:18,1
DA:23,1
DA:26,1
DA:27,2
DA:29,1
DA:36,1
DA:37,1
DA:39,2
DA:40,1
DA:42,2
DA:49,1
DA:50,3
DA:52,9
DA:56,3
DA:57,6
DA:58,9
DA:59,3
DA:67,1
DA:68,1
DA:71,1
DA:72,2
DA:74,1
DA:75,1
DA:78,1
DA:81,1
DA:88,1
DA:89,3
DA:92,3
DA:97,3
DA:98,3
DA:99,3
DA:100,3
DA:101,3
DA:108,1
DA:110,1
DA:111,1
DA:112,1
DA:120,1
DA:121,1
DA:122,1
DA:125,1
DA:127,2
DA:129,1
DA:130,1
DA:133,1
DA:136,1
DA:137,1
DA:144,1
DA:145,4
DA:152,1
DA:153,0
DA:158,0
DA:159,0
DA:162,0
DA:163,0
DA:164,0
DA:168,0
DA:171,0
DA:174,0
DA:178,0
DA:181,0
DA:182,0
DA:193,1
DA:194,1
DA:195,1
DA:198,1
DA:199,0
DA:201,1
DA:202,2
LF:69
LH:56
BRDA:72,0,0,2
BRDA:72,0,1,1
BRDA:127,1,0,2
BRDA:127,1,1,1
BRDA:162,2,0,0
BRDA:162,2,1,0
BRDA:162,3,0,0
BRDA:162,3,1,0
BRDA:168,4,0,0
BRDA:168,4,1,0
BRDA:171,5,0,0
BRDA:171,5,1,0
BRDA:198,6,0,0
BRDA:198,6,1,1
BRF:14
BRH:5
end_of_record
TN:
SF:src/utils/index.js
FN:7,(anonymous_0)
FN:11,(anonymous_1)
FNF:2
FNH:2
FNDA:35,(anonymous_0)
FNDA:72,(anonymous_1)
DA:7,1
DA:8,35
DA:11,35
DA:12,72
DA:14,12
DA:16,60
DA:20,35
LF:7
LH:7
BRDA:12,0,0,12
BRDA:12,0,1,60
BRDA:12,1,0,72
BRDA:12,1,1,60
BRF:4
BRH:4
end_of_record
