TN:
SF:src/components/TaskItem.js
FN:4,(anonymous_0)
FN:8,(anonymous_1)
FN:115,(anonymous_2)
FNF:3
FNH:3
FNDA:1,(anonymous_0)
FNDA:3,(anonymous_1)
FNDA:8,(anonymous_2)
DA:5,1
DA:9,3
DA:12,3
DA:14,3
DA:15,3
DA:68,3
DA:73,3
DA:76,3
DA:79,3
DA:83,3
DA:89,3
DA:95,3
DA:101,3
DA:106,3
DA:116,8
DA:118,4
DA:119,4
DA:121,4
DA:122,4
DA:128,1
LF:20
LH:20
BRDA:116,0,0,4
BRDA:116,0,1,4
BRDA:116,0,2,0
BRF:3
BRH:2
end_of_record
TN:
SF:src/components/TaskItemForm.js
FN:4,(anonymous_0)
FNF:1
FNH:1
FNDA:1,(anonymous_0)
DA:5,1
DA:7,1
DA:9,1
DA:10,1
DA:57,1
DA:61,1
DA:66,1
DA:74,1
DA:79,1
DA:87,1
DA:94,1
DA:95,1
DA:105,1
LF:13
LH:13
BRF:0
BRH:0
end_of_record
TN:
SF:src/components/TaskList.js
FN:4,(anonymous_0)
FNF:1
FNH:1
FNDA:1,(anonymous_0)
DA:5,1
DA:7,1
DA:8,1
DA:9,1
DA:22,1
DA:26,1
DA:31,1
DA:35,1
DA:39,1
DA:40,1
DA:48,1
LF:11
LH:11
BRF:0
BRH:0
end_of_record
TN:
SF:src/scripts/taskList.js
FN:25,(anonymous_0)
FN:37,(anonymous_1)
FN:40,(anonymous_2)
FN:47,(anonymous_3)
FN:50,(anonymous_4)
FN:55,(anonymous_5)
FN:56,(anonymous_6)
FN:57,(anonymous_7)
FN:65,(anonymous_8)
FN:70,(anonymous_9)
FN:86,(anonymous_10)
FN:95,(anonymous_11)
FN:96,(anonymous_12)
FN:97,(anonymous_13)
FN:105,(anonymous_14)
FN:117,(anonymous_15)
FN:123,(anonymous_16)
FN:141,(anonymous_17)
FN:149,(anonymous_18)
FN:167,(anonymous_19)
FN:179,(anonymous_20)
FN:190,(anonymous_21)
FN:199,(anonymous_22)
FNF:23
FNH:17
FNDA:2,(anonymous_0)
FNDA:2,(anonymous_1)
FNDA:2,(anonymous_2)
FNDA:3,(anonymous_3)
FNDA:9,(anonymous_4)
FNDA:6,(anonymous_5)
FNDA:9,(anonymous_6)
FNDA:3,(anonymous_7)
FNDA:1,(anonymous_8)
FNDA:2,(anonymous_9)
FNDA:3,(anonymous_10)
FNDA:0,(anonymous_11)
FNDA:0,(anonymous_12)
FNDA:0,(anonymous_13)
FNDA:1,(anonymous_14)
FNDA:1,(anonymous_15)
FNDA:2,(anonymous_16)
FNDA:4,(anonymous_17)
FNDA:0,(anonymous_18)
FNDA:0,(anonymous_19)
FNDA:0,(anonymous_20)
FNDA:1,(anonymous_21)
FNDA:2,(anonymous_22)
DA:18,1
DA:23,1
DA:24,1
DA:25,2
DA:27,1
DA:34,1
DA:35,1
DA:37,2
DA:38,1
DA:40,2
DA:47,1
DA:48,3
DA:50,9
DA:54,3
DA:55,6
DA:56,9
DA:57,3
DA:65,1
DA:66,1
DA:69,1
DA:70,2
DA:72,1
DA:73,1
DA:76,1
DA:79,1
DA:86,1
DA:87,3
DA:90,3
DA:94,3
DA:95,3
DA:96,3
DA:97,3
DA:98,3
DA:105,1
DA:107,1
DA:108,1
DA:109,1
DA:117,1
DA:118,1
DA:119,1
DA:122,1
DA:124,2
DA:126,1
DA:127,1
DA:130,1
DA:133,1
DA:134,1
DA:141,1
DA:142,4
DA:149,1
DA:150,0
DA:155,0
DA:156,0
DA:159,0
DA:160,0
DA:161,0
DA:165,0
DA:168,0
DA:171,0
DA:175,0
DA:178,0
DA:179,0
DA:190,1
DA:191,1
DA:192,1
DA:195,1
DA:196,0
DA:198,1
DA:199,2
LF:69
LH:56
BRDA:70,0,0,2
BRDA:70,0,1,1
BRDA:124,1,0,2
BRDA:124,1,1,1
BRDA:159,2,0,0
BRDA:159,2,1,0
BRDA:159,3,0,0
BRDA:159,3,1,0
BRDA:165,4,0,0
BRDA:165,4,1,0
BRDA:168,5,0,0
BRDA:168,5,1,0
BRDA:195,6,0,0
BRDA:195,6,1,1
BRF:14
BRH:5
end_of_record
TN:
SF:src/utils/index.js
FN:9,(anonymous_0)
FN:16,(anonymous_1)
FN:29,(anonymous_2)
FNF:3
FNH:2
FNDA:35,(anonymous_0)
FNDA:72,(anonymous_1)
FNDA:0,(anonymous_2)
DA:9,1
DA:10,35
DA:12,35
DA:13,35
DA:16,35
DA:17,72
DA:18,55
DA:21,35
DA:29,1
DA:30,0
DA:31,0
LF:11
LH:9
BRDA:9,0,0,0
BRDA:9,1,0,35
BRDA:12,2,0,0
BRDA:12,2,1,35
BRDA:17,3,0,17
BRDA:17,3,1,55
BRDA:17,4,0,72
BRDA:17,4,1,72
BRDA:31,5,0,0
BRDA:31,5,1,0
BRF:10
BRH:6
end_of_record
